{"/home/waz/workspace/ytimer-react/src/hooks/redux.ts": {"path":"/home/waz/workspace/ytimer-react/src/hooks/redux.ts","statementMap":{"0":{"start":{"line":5,"column":44},"end":{"line":5,"column":56}},"1":{"start":{"line":6,"column":64},"end":{"line":6,"column":76}}},"fnMap":{},"branchMap":{},"s":{"0":1,"1":1},"f":{},"b":{}}
,"/home/waz/workspace/ytimer-react/src/modules/events/list/events-list.tsx": {"path":"/home/waz/workspace/ytimer-react/src/modules/events/list/events-list.tsx","statementMap":{"0":{"start":{"line":11,"column":19},"end":{"line":47,"column":null}},"1":{"start":{"line":12,"column":19},"end":{"line":12,"column":null}},"2":{"start":{"line":13,"column":20},"end":{"line":13,"column":null}},"3":{"start":{"line":13,"column":50},"end":{"line":13,"column":null}},"4":{"start":{"line":16,"column":26},"end":{"line":16,"column":42}},"5":{"start":{"line":17,"column":4},"end":{"line":17,"column":null}},"6":{"start":{"line":18,"column":5},"end":{"line":18,"column":null}},"7":{"start":{"line":21,"column":37},"end":{"line":28,"column":null}}},"fnMap":{"0":{"name":"(anonymous_0)","decl":{"start":{"line":11,"column":19},"end":{"line":11,"column":null}},"loc":{"start":{"line":11,"column":19},"end":{"line":47,"column":null}}},"1":{"name":"(anonymous_1)","decl":{"start":{"line":13,"column":35},"end":{"line":13,"column":36}},"loc":{"start":{"line":13,"column":50},"end":{"line":13,"column":null}}},"2":{"name":"handleEventChange","decl":{"start":{"line":15,"column":11},"end":{"line":15,"column":29}},"loc":{"start":{"line":15,"column":70},"end":{"line":19,"column":null}}}},"branchMap":{},"s":{"0":1,"1":1,"2":1,"3":2,"4":1,"5":1,"6":1,"7":1},"f":{"0":1,"1":2,"2":1},"b":{}}
,"/home/waz/workspace/ytimer-react/src/reducers/scramblerReducer.ts": {"path":"/home/waz/workspace/ytimer-react/src/reducers/scramblerReducer.ts","statementMap":{"0":{"start":{"line":6,"column":43},"end":{"line":9,"column":null}},"1":{"start":{"line":11,"column":22},"end":{"line":16,"column":null}},"2":{"start":{"line":14,"column":21},"end":{"line":14,"column":null}},"3":{"start":{"line":15,"column":4},"end":{"line":15,"column":null}},"4":{"start":{"line":19,"column":22},"end":{"line":34,"column":null}},"5":{"start":{"line":25,"column":4},"end":{"line":28,"column":null}},"6":{"start":{"line":26,"column":6},"end":{"line":26,"column":null}},"7":{"start":{"line":27,"column":6},"end":{"line":27,"column":null}},"8":{"start":{"line":30,"column":4},"end":{"line":32,"column":null}},"9":{"start":{"line":31,"column":6},"end":{"line":31,"column":null}},"10":{"start":{"line":36,"column":20},"end":{"line":36,"column":null}}},"fnMap":{"0":{"name":"(anonymous_0)","decl":{"start":{"line":13,"column":2},"end":{"line":13,"column":9}},"loc":{"start":{"line":13,"column":9},"end":{"line":16,"column":null}}},"1":{"name":"(anonymous_1)","decl":{"start":{"line":24,"column":17},"end":{"line":24,"column":18}},"loc":{"start":{"line":24,"column":18},"end":{"line":33,"column":null}}},"2":{"name":"(anonymous_2)","decl":{"start":{"line":25,"column":45},"end":{"line":25,"column":46}},"loc":{"start":{"line":25,"column":53},"end":{"line":28,"column":null}}},"3":{"name":"(anonymous_3)","decl":{"start":{"line":30,"column":43},"end":{"line":30,"column":44}},"loc":{"start":{"line":30,"column":44},"end":{"line":32,"column":null}}}},"branchMap":{},"s":{"0":1,"1":1,"2":0,"3":0,"4":1,"5":0,"6":0,"7":0,"8":0,"9":0,"10":1},"f":{"0":0,"1":0,"2":0,"3":0},"b":{}}
,"/home/waz/workspace/ytimer-react/src/reducers/timerReducer.ts": {"path":"/home/waz/workspace/ytimer-react/src/reducers/timerReducer.ts","statementMap":{"0":{"start":{"line":9,"column":40},"end":{"line":13,"column":null}},"1":{"start":{"line":15,"column":21},"end":{"line":50,"column":null}},"2":{"start":{"line":21,"column":22},"end":{"line":21,"column":null}},"3":{"start":{"line":23,"column":6},"end":{"line":23,"column":null}},"4":{"start":{"line":27,"column":22},"end":{"line":28,"column":null}},"5":{"start":{"line":28,"column":25},"end":{"line":28,"column":60}},"6":{"start":{"line":30,"column":6},"end":{"line":30,"column":null}},"7":{"start":{"line":34,"column":22},"end":{"line":35,"column":null}},"8":{"start":{"line":35,"column":24},"end":{"line":35,"column":56}},"9":{"start":{"line":37,"column":6},"end":{"line":37,"column":null}},"10":{"start":{"line":42,"column":6},"end":{"line":42,"column":null}},"11":{"start":{"line":47,"column":6},"end":{"line":47,"column":null}},"12":{"start":{"line":52,"column":29},"end":{"line":52,"column":null}},"13":{"start":{"line":59,"column":4},"end":{"line":59,"column":12}}},"fnMap":{"0":{"name":"(anonymous_0)","decl":{"start":{"line":20,"column":15},"end":{"line":20,"column":16}},"loc":{"start":{"line":20,"column":23},"end":{"line":24,"column":null}}},"1":{"name":"(anonymous_1)","decl":{"start":{"line":26,"column":18},"end":{"line":26,"column":19}},"loc":{"start":{"line":26,"column":26},"end":{"line":31,"column":null}}},"2":{"name":"(anonymous_2)","decl":{"start":{"line":28,"column":8},"end":{"line":28,"column":9}},"loc":{"start":{"line":28,"column":25},"end":{"line":28,"column":60}}},"3":{"name":"(anonymous_3)","decl":{"start":{"line":33,"column":22},"end":{"line":33,"column":23}},"loc":{"start":{"line":33,"column":23},"end":{"line":38,"column":null}}},"4":{"name":"(anonymous_4)","decl":{"start":{"line":35,"column":8},"end":{"line":35,"column":9}},"loc":{"start":{"line":35,"column":24},"end":{"line":35,"column":56}}},"5":{"name":"(anonymous_5)","decl":{"start":{"line":41,"column":18},"end":{"line":41,"column":19}},"loc":{"start":{"line":41,"column":26},"end":{"line":43,"column":null}}},"6":{"name":"(anonymous_6)","decl":{"start":{"line":46,"column":17},"end":{"line":46,"column":18}},"loc":{"start":{"line":46,"column":25},"end":{"line":48,"column":null}}}},"branchMap":{},"s":{"0":1,"1":1,"2":0,"3":0,"4":0,"5":0,"6":0,"7":0,"8":0,"9":0,"10":0,"11":0,"12":1,"13":1},"f":{"0":0,"1":0,"2":0,"3":0,"4":0,"5":0,"6":0},"b":{}}
,"/home/waz/workspace/ytimer-react/src/test/mocks/store.ts": {"path":"/home/waz/workspace/ytimer-react/src/test/mocks/store.ts","statementMap":{"0":{"start":{"line":6,"column":18},"end":{"line":6,"column":null}},"1":{"start":{"line":8,"column":21},"end":{"line":11,"column":3}}},"fnMap":{},"branchMap":{},"s":{"0":1,"1":1},"f":{},"b":{}}
}
